<?xml version="1.0" encoding="UTF-8"?>
<!-- Generated by org.testng.reporters.JUnitReportReporter -->
<testsuite hostname="ttnpl-4645" failures="0" tests="1" name="com.session.local.LocalStorage" time="22.530" errors="0" timestamp="2021-04-30T16:22:10 IST" skipped="0">
  <testcase classname="com.session.local.LocalStorage" name="f" time="22.530"/>
  <system-out/>
</testsuite> <!-- com.session.local.LocalStorage -->
