<?xml version="1.0" encoding="UTF-8"?>
<!-- Generated by org.testng.reporters.JUnitReportReporter -->
<testsuite hostname="ttnpl-4645" failures="0" tests="2" name="com.session.local.RetrievingStorageData" time="30.919" errors="0" timestamp="2021-04-30T16:53:44 IST" skipped="0">
  <testcase classname="com.session.local.RetrievingStorageData" name="LocalStorage" time="18.077"/>
  <system-out/>
  <testcase classname="com.session.local.RetrievingStorageData" name="SessionStorage" time="12.842"/>
  <system-out/>
</testsuite> <!-- com.session.local.RetrievingStorageData -->
